2021-09-01 20:39:37,238 INFO o.a.j.u.JMeterUtils: Setting Locale to en_EN
2021-09-01 20:39:37,263 INFO o.a.j.JMeter: Loading user properties from: /opt/apache-jmeter-5.4.1/bin/user.properties
2021-09-01 20:39:37,264 INFO o.a.j.JMeter: Loading system properties from: /opt/apache-jmeter-5.4.1/bin/system.properties
2021-09-01 20:39:37,278 INFO o.a.j.JMeter: Copyright (c) 1998-2021 The Apache Software Foundation
2021-09-01 20:39:37,278 INFO o.a.j.JMeter: Version 5.4.1
2021-09-01 20:39:37,278 INFO o.a.j.JMeter: java.version=1.8.0_252
2021-09-01 20:39:37,278 INFO o.a.j.JMeter: java.vm.name=OpenJDK 64-Bit Server VM
2021-09-01 20:39:37,278 INFO o.a.j.JMeter: os.name=Linux
2021-09-01 20:39:37,278 INFO o.a.j.JMeter: os.arch=amd64
2021-09-01 20:39:37,278 INFO o.a.j.JMeter: os.version=4.14.231-173.361.amzn2.x86_64
2021-09-01 20:39:37,279 INFO o.a.j.JMeter: file.encoding=UTF-8
2021-09-01 20:39:37,279 INFO o.a.j.JMeter: java.awt.headless=null
2021-09-01 20:39:37,279 INFO o.a.j.JMeter: Max memory     =1073741824
2021-09-01 20:39:37,279 INFO o.a.j.JMeter: Available Processors =2
2021-09-01 20:39:37,287 INFO o.a.j.JMeter: Default Locale=English (EN)
2021-09-01 20:39:37,287 INFO o.a.j.JMeter: JMeter  Locale=English (EN)
2021-09-01 20:39:37,287 INFO o.a.j.JMeter: JMeterHome=/opt/apache-jmeter-5.4.1
2021-09-01 20:39:37,287 INFO o.a.j.JMeter: user.dir  =/jmeter
2021-09-01 20:39:37,288 INFO o.a.j.JMeter: PWD       =/jmeter
2021-09-01 20:39:37,288 INFO o.a.j.JMeter: IP: 172.17.0.2 Name: a07e22b6095f FullName: a07e22b6095f
2021-09-01 20:39:37,297 ERROR o.a.j.JMeter: An error occurred: 
org.apache.jmeter.report.config.ConfigurationException: The file /jmeter/test.jmx doesn't exist or can't be opened
	at org.apache.jmeter.JMeter.runNonGui(JMeter.java:1017) ~[ApacheJMeter_core.jar:5.4.1]
	at org.apache.jmeter.JMeter.startNonGui(JMeter.java:1007) ~[ApacheJMeter_core.jar:5.4.1]
	at org.apache.jmeter.JMeter.start(JMeter.java:579) [ApacheJMeter_core.jar:5.4.1]
	at sun.reflect.NativeMethodAccessorImpl.invoke0(Native Method) ~[?:1.8.0_252]
	at sun.reflect.NativeMethodAccessorImpl.invoke(NativeMethodAccessorImpl.java:62) ~[?:1.8.0_252]
	at sun.reflect.DelegatingMethodAccessorImpl.invoke(DelegatingMethodAccessorImpl.java:43) ~[?:1.8.0_252]
	at java.lang.reflect.Method.invoke(Method.java:498) ~[?:1.8.0_252]
	at org.apache.jmeter.NewDriver.main(NewDriver.java:254) [ApacheJMeter.jar:5.4.1]
